<?xml version="1.0" encoding="UTF-8"?>
<!-- Generated by org.testng.reporters.JUnitReportReporter -->
<testsuite hostname="DESKTOP-2L3GFFQ" failures="0" tests="4" name="ui.ReporterTest" time="0.035" errors="0" timestamp="2023-11-03T20:21:29 IST" skipped="0">
  <testcase classname="ui.ReporterTest" name="reporterTest2" time="0.003">
    <system-out>
      <![CDATA[this is test2]]>
    </system-out>
  </testcase> <!-- reporterTest2 -->
  <testcase classname="ui.ReporterTest" name="reporterTest3" time="0.006">
    <system-out>
      <![CDATA[this is test3]]>
    </system-out>
  </testcase> <!-- reporterTest3 -->
  <testcase classname="ui.ReporterTest" name="reporterTest4" time="0.004">
    <system-out>
      <![CDATA[this is test4]]>
    </system-out>
  </testcase> <!-- reporterTest4 -->
  <testcase classname="ui.ReporterTest" name="reporterTest1" time="0.022">
    <system-out>
      <![CDATA[this is test1]]>
    </system-out>
  </testcase> <!-- reporterTest1 -->
  <system-out>
    <![CDATA[this is test1
this is test2
this is test3
this is test4]]>
  </system-out>
</testsuite> <!-- ui.ReporterTest -->
