<?xml version="1.0" encoding="UTF-8"?>
<!-- Generated by org.testng.reporters.JUnitReportReporter -->
<testsuite hostname="DESKTOP-2L3GFFQ" failures="0" tests="1" name="Scripts.TestScript_01" time="1.932" errors="0" timestamp="2023-11-02T21:26:39 IST" skipped="0">
  <testcase classname="Scripts.TestScript_01" name="login" time="1.932">
    <system-out>
      <![CDATA[test case is starting]]>
    </system-out>
  </testcase> <!-- login -->
  <system-out>
    <![CDATA[test case is starting
loginexecution is pass
test case is starting
test failed screen short
invalidloginexecution is fail]]>
  </system-out>
</testsuite> <!-- Scripts.TestScript_01 -->
